{"numTotalTestSuites":9,"numPassedTestSuites":9,"numFailedTestSuites":0,"numPendingTestSuites":0,"numTotalTests":11,"numPassedTests":11,"numFailedTests":0,"numPendingTests":0,"numTodoTests":0,"snapshot":{"added":0,"failure":false,"filesAdded":0,"filesRemoved":0,"filesRemovedList":[],"filesUnmatched":0,"filesUpdated":0,"matched":0,"total":0,"unchecked":0,"uncheckedKeysByFile":[],"unmatched":0,"updated":0,"didUpdate":false},"startTime":1760158540484,"success":true,"testResults":[{"assertionResults":[{"ancestorTitles":["🐛 Painel de Propriedades - TESTES DE INTEGRAÇÃO REAL","🐛 BUG #1: Textos das Opções para Edição"],"fullName":"🐛 Painel de Propriedades - TESTES DE INTEGRAÇÃO REAL 🐛 BUG #1: Textos das Opções para Edição DEVE exibir campos de texto para editar opções de questão","status":"passed","title":"DEVE exibir campos de texto para editar opções de questão","duration":113.7315759999999,"failureMessages":[],"meta":{}},{"ancestorTitles":["🐛 Painel de Propriedades - TESTES DE INTEGRAÇÃO REAL","🐛 BUG #1: Textos das Opções para Edição"],"fullName":"🐛 Painel de Propriedades - TESTES DE INTEGRAÇÃO REAL 🐛 BUG #1: Textos das Opções para Edição DEVE permitir editar o texto de uma opção","status":"passed","title":"DEVE permitir editar o texto de uma opção","duration":49.32299200000011,"failureMessages":[],"meta":{}},{"ancestorTitles":["🐛 Painel de Propriedades - TESTES DE INTEGRAÇÃO REAL","🐛 BUG #2: Campo para Upload de Imagens"],"fullName":"🐛 Painel de Propriedades - TESTES DE INTEGRAÇÃO REAL 🐛 BUG #2: Campo para Upload de Imagens DEVE exibir campo de upload de imagem para opções","status":"passed","title":"DEVE exibir campo de upload de imagem para opções","duration":24.333629999999857,"failureMessages":[],"meta":{}},{"ancestorTitles":["🐛 Painel de Propriedades - TESTES DE INTEGRAÇÃO REAL","🐛 BUG #2: Campo para Upload de Imagens"],"fullName":"🐛 Painel de Propriedades - TESTES DE INTEGRAÇÃO REAL 🐛 BUG #2: Campo para Upload de Imagens DEVE aceitar URL de imagem manual","status":"passed","title":"DEVE aceitar URL de imagem manual","duration":27.31933799999979,"failureMessages":[],"meta":{}},{"ancestorTitles":["🐛 Painel de Propriedades - TESTES DE INTEGRAÇÃO REAL","🐛 BUG #3: Sistema de Pontuação"],"fullName":"🐛 Painel de Propriedades - TESTES DE INTEGRAÇÃO REAL 🐛 BUG #3: Sistema de Pontuação DEVE exibir campos de pontuação para cada opção","status":"passed","title":"DEVE exibir campos de pontuação para cada opção","duration":30.42757000000006,"failureMessages":[],"meta":{}},{"ancestorTitles":["🐛 Painel de Propriedades - TESTES DE INTEGRAÇÃO REAL","🐛 BUG #3: Sistema de Pontuação"],"fullName":"🐛 Painel de Propriedades - TESTES DE INTEGRAÇÃO REAL 🐛 BUG #3: Sistema de Pontuação DEVE permitir editar valores de pontuação","status":"passed","title":"DEVE permitir editar valores de pontuação","duration":24.512673999999834,"failureMessages":[],"meta":{}},{"ancestorTitles":["🐛 Painel de Propriedades - TESTES DE INTEGRAÇÃO REAL","🐛 BUG #4: Configuração de Tamanho da Imagem"],"fullName":"🐛 Painel de Propriedades - TESTES DE INTEGRAÇÃO REAL 🐛 BUG #4: Configuração de Tamanho da Imagem DEVE exibir controles de tamanho de imagem","status":"passed","title":"DEVE exibir controles de tamanho de imagem","duration":28.561290999999983,"failureMessages":[],"meta":{}},{"ancestorTitles":["🐛 Painel de Propriedades - TESTES DE INTEGRAÇÃO REAL","🐛 BUG #5: Validação de Seleções"],"fullName":"🐛 Painel de Propriedades - TESTES DE INTEGRAÇÃO REAL 🐛 BUG #5: Validação de Seleções DEVE exibir configurações de validação","status":"passed","title":"DEVE exibir configurações de validação","duration":27.85489400000006,"failureMessages":[],"meta":{}},{"ancestorTitles":["🐛 Painel de Propriedades - TESTES DE INTEGRAÇÃO REAL","🐛 BUG #5: Validação de Seleções"],"fullName":"🐛 Painel de Propriedades - TESTES DE INTEGRAÇÃO REAL 🐛 BUG #5: Validação de Seleções DEVE permitir configurar requiredSelections","status":"passed","title":"DEVE permitir configurar requiredSelections","duration":19.23923300000024,"failureMessages":[],"meta":{}},{"ancestorTitles":["🐛 Painel de Propriedades - TESTES DE INTEGRAÇÃO REAL","🐛 BUG #6: Ativação Condicional do Botão"],"fullName":"🐛 Painel de Propriedades - TESTES DE INTEGRAÇÃO REAL 🐛 BUG #6: Ativação Condicional do Botão DEVE exibir configuração enableButtonOnlyWhenValid","status":"passed","title":"DEVE exibir configuração enableButtonOnlyWhenValid","duration":21.130377999999837,"failureMessages":[],"meta":{}},{"ancestorTitles":["🐛 Painel de Propriedades - TESTES DE INTEGRAÇÃO REAL","📊 Relatório de Bugs Encontrados"],"fullName":"🐛 Painel de Propriedades - TESTES DE INTEGRAÇÃO REAL 📊 Relatório de Bugs Encontrados DEVE gerar relatório consolidado de bugs","status":"passed","title":"DEVE gerar relatório consolidado de bugs","duration":1.0851330000000416,"failureMessages":[],"meta":{}}],"startTime":1760158542511,"endTime":1760158542880.0852,"status":"passed","message":"","name":"/workspaces/quiz-quest-challenge-verse/src/__tests__/PropertiesPanel.integration.test.tsx"}]}